2021-06-24 15:43:29,279 INFO [main] c.n.w.LoggerTests [StartupInfoLogger.java:55] Starting LoggerTests using Java 16.0.1 on silveryshine with PID 39788 (started by 24998 in E:\求职\webcommunity)
2021-06-24 15:43:29,282 INFO [main] c.n.w.LoggerTests [SpringApplication.java:659] No active profile set, falling back to default profiles: default
2021-06-24 15:43:30,743 INFO [main] o.s.d.r.c.RepositoryConfigurationDelegate [RepositoryConfigurationDelegate.java:132] Bootstrapping Spring Data JPA repositories in DEFAULT mode.
2021-06-24 15:43:30,771 INFO [main] o.s.d.r.c.RepositoryConfigurationDelegate [RepositoryConfigurationDelegate.java:201] Finished Spring Data repository scanning in 10 ms. Found 0 JPA repository interfaces.
2021-06-24 15:43:31,634 INFO [main] c.z.h.HikariDataSource [HikariDataSource.java:110] HikariPool-1 - Starting...
2021-06-24 15:43:31,851 INFO [main] c.z.h.HikariDataSource [HikariDataSource.java:123] HikariPool-1 - Start completed.
2021-06-24 15:43:32,045 INFO [main] o.h.j.i.u.LogHelper [LogHelper.java:31] HHH000204: Processing PersistenceUnitInfo [name: default]
2021-06-24 15:43:32,091 INFO [main] o.h.Version [Version.java:44] HHH000412: Hibernate ORM core version 5.4.32.Final
2021-06-24 15:43:32,207 INFO [main] o.h.a.c.Version [JavaReflectionManager.java:56] HCANN000001: Hibernate Commons Annotations {5.1.2.Final}
2021-06-24 15:43:32,438 INFO [main] o.h.d.Dialect [Dialect.java:175] HHH000400: Using dialect: org.hibernate.dialect.MySQL8Dialect
2021-06-24 15:43:32,687 INFO [main] o.h.e.t.j.p.i.JtaPlatformInitiator [JtaPlatformInitiator.java:52] HHH000490: Using JtaPlatform implementation: [org.hibernate.engine.transaction.jta.platform.internal.NoJtaPlatform]
2021-06-24 15:43:32,702 INFO [main] o.s.o.j.LocalContainerEntityManagerFactoryBean [AbstractEntityManagerFactoryBean.java:437] Initialized JPA EntityManagerFactory for persistence unit 'default'
2021-06-24 15:43:33,594 INFO [main] o.s.b.a.w.s.WelcomePageHandlerMapping [WelcomePageHandlerMapping.java:57] Adding welcome page template: index
2021-06-24 15:43:33,960 INFO [main] c.n.w.LoggerTests [StartupInfoLogger.java:61] Started LoggerTests in 5.472 seconds (JVM running for 6.75)
2021-06-24 15:43:34,280 INFO [main] c.n.w.LoggerTests [LoggerTests.java:17] info log
2021-06-24 15:43:34,307 INFO [SpringApplicationShutdownHook] o.s.o.j.LocalContainerEntityManagerFactoryBean [AbstractEntityManagerFactoryBean.java:651] Closing JPA EntityManagerFactory for persistence unit 'default'
2021-06-24 15:43:34,316 INFO [SpringApplicationShutdownHook] c.z.h.HikariDataSource [HikariDataSource.java:350] HikariPool-1 - Shutdown initiated...
2021-06-24 15:43:34,325 INFO [SpringApplicationShutdownHook] c.z.h.HikariDataSource [HikariDataSource.java:352] HikariPool-1 - Shutdown completed.
2021-06-24 17:06:04,068 INFO [main] c.n.w.MailSendTests [StartupInfoLogger.java:55] Starting MailSendTests using Java 16.0.1 on silveryshine with PID 39392 (started by 24998 in E:\求职\webcommunity)
2021-06-24 17:06:04,072 INFO [main] c.n.w.MailSendTests [SpringApplication.java:659] No active profile set, falling back to default profiles: default
2021-06-24 17:06:04,984 INFO [main] o.s.d.r.c.RepositoryConfigurationDelegate [RepositoryConfigurationDelegate.java:132] Bootstrapping Spring Data JPA repositories in DEFAULT mode.
2021-06-24 17:06:05,000 INFO [main] o.s.d.r.c.RepositoryConfigurationDelegate [RepositoryConfigurationDelegate.java:201] Finished Spring Data repository scanning in 7 ms. Found 0 JPA repository interfaces.
2021-06-24 17:06:05,589 INFO [main] c.z.h.HikariDataSource [HikariDataSource.java:110] HikariPool-1 - Starting...
2021-06-24 17:06:05,797 INFO [main] c.z.h.HikariDataSource [HikariDataSource.java:123] HikariPool-1 - Start completed.
2021-06-24 17:06:05,993 INFO [main] o.h.j.i.u.LogHelper [LogHelper.java:31] HHH000204: Processing PersistenceUnitInfo [name: default]
2021-06-24 17:06:06,044 INFO [main] o.h.Version [Version.java:44] HHH000412: Hibernate ORM core version 5.4.32.Final
2021-06-24 17:06:06,174 INFO [main] o.h.a.c.Version [JavaReflectionManager.java:56] HCANN000001: Hibernate Commons Annotations {5.1.2.Final}
2021-06-24 17:06:06,380 INFO [main] o.h.d.Dialect [Dialect.java:175] HHH000400: Using dialect: org.hibernate.dialect.MySQL8Dialect
2021-06-24 17:06:06,593 INFO [main] o.h.e.t.j.p.i.JtaPlatformInitiator [JtaPlatformInitiator.java:52] HHH000490: Using JtaPlatform implementation: [org.hibernate.engine.transaction.jta.platform.internal.NoJtaPlatform]
2021-06-24 17:06:06,605 INFO [main] o.s.o.j.LocalContainerEntityManagerFactoryBean [AbstractEntityManagerFactoryBean.java:437] Initialized JPA EntityManagerFactory for persistence unit 'default'
2021-06-24 17:06:07,998 INFO [main] o.s.b.a.w.s.WelcomePageHandlerMapping [WelcomePageHandlerMapping.java:57] Adding welcome page template: index
2021-06-24 17:06:08,603 INFO [main] c.n.w.MailSendTests [StartupInfoLogger.java:61] Started MailSendTests in 5.317 seconds (JVM running for 7.318)
2021-06-24 17:06:10,310 INFO [SpringApplicationShutdownHook] o.s.o.j.LocalContainerEntityManagerFactoryBean [AbstractEntityManagerFactoryBean.java:651] Closing JPA EntityManagerFactory for persistence unit 'default'
2021-06-24 17:06:10,314 INFO [SpringApplicationShutdownHook] c.z.h.HikariDataSource [HikariDataSource.java:350] HikariPool-1 - Shutdown initiated...
2021-06-24 17:06:10,323 INFO [SpringApplicationShutdownHook] c.z.h.HikariDataSource [HikariDataSource.java:352] HikariPool-1 - Shutdown completed.
2021-06-24 17:08:56,958 INFO [main] c.n.w.MailSendTests [StartupInfoLogger.java:55] Starting MailSendTests using Java 16.0.1 on silveryshine with PID 37592 (started by 24998 in E:\求职\webcommunity)
2021-06-24 17:08:56,961 INFO [main] c.n.w.MailSendTests [SpringApplication.java:659] No active profile set, falling back to default profiles: default
2021-06-24 17:08:57,676 INFO [main] o.s.d.r.c.RepositoryConfigurationDelegate [RepositoryConfigurationDelegate.java:132] Bootstrapping Spring Data JPA repositories in DEFAULT mode.
2021-06-24 17:08:57,691 INFO [main] o.s.d.r.c.RepositoryConfigurationDelegate [RepositoryConfigurationDelegate.java:201] Finished Spring Data repository scanning in 6 ms. Found 0 JPA repository interfaces.
2021-06-24 17:08:58,130 INFO [main] c.z.h.HikariDataSource [HikariDataSource.java:110] HikariPool-1 - Starting...
2021-06-24 17:08:58,280 INFO [main] c.z.h.HikariDataSource [HikariDataSource.java:123] HikariPool-1 - Start completed.
2021-06-24 17:08:58,444 INFO [main] o.h.j.i.u.LogHelper [LogHelper.java:31] HHH000204: Processing PersistenceUnitInfo [name: default]
2021-06-24 17:08:58,491 INFO [main] o.h.Version [Version.java:44] HHH000412: Hibernate ORM core version 5.4.32.Final
2021-06-24 17:08:58,603 INFO [main] o.h.a.c.Version [JavaReflectionManager.java:56] HCANN000001: Hibernate Commons Annotations {5.1.2.Final}
2021-06-24 17:08:58,807 INFO [main] o.h.d.Dialect [Dialect.java:175] HHH000400: Using dialect: org.hibernate.dialect.MySQL8Dialect
2021-06-24 17:08:59,016 INFO [main] o.h.e.t.j.p.i.JtaPlatformInitiator [JtaPlatformInitiator.java:52] HHH000490: Using JtaPlatform implementation: [org.hibernate.engine.transaction.jta.platform.internal.NoJtaPlatform]
2021-06-24 17:08:59,028 INFO [main] o.s.o.j.LocalContainerEntityManagerFactoryBean [AbstractEntityManagerFactoryBean.java:437] Initialized JPA EntityManagerFactory for persistence unit 'default'
2021-06-24 17:08:59,770 INFO [main] o.s.b.a.w.s.WelcomePageHandlerMapping [WelcomePageHandlerMapping.java:57] Adding welcome page template: index
2021-06-24 17:09:00,073 INFO [main] c.n.w.MailSendTests [StartupInfoLogger.java:61] Started MailSendTests in 3.532 seconds (JVM running for 4.589)
2021-06-24 17:09:02,002 INFO [SpringApplicationShutdownHook] o.s.o.j.LocalContainerEntityManagerFactoryBean [AbstractEntityManagerFactoryBean.java:651] Closing JPA EntityManagerFactory for persistence unit 'default'
2021-06-24 17:09:02,006 INFO [SpringApplicationShutdownHook] c.z.h.HikariDataSource [HikariDataSource.java:350] HikariPool-1 - Shutdown initiated...
2021-06-24 17:09:02,019 INFO [SpringApplicationShutdownHook] c.z.h.HikariDataSource [HikariDataSource.java:352] HikariPool-1 - Shutdown completed.
2021-06-24 17:17:23,584 INFO [main] c.n.w.MailSendTests [StartupInfoLogger.java:55] Starting MailSendTests using Java 16.0.1 on silveryshine with PID 2452 (started by 24998 in E:\求职\webcommunity)
2021-06-24 17:17:23,589 INFO [main] c.n.w.MailSendTests [SpringApplication.java:659] No active profile set, falling back to default profiles: default
2021-06-24 17:17:24,330 INFO [main] o.s.d.r.c.RepositoryConfigurationDelegate [RepositoryConfigurationDelegate.java:132] Bootstrapping Spring Data JPA repositories in DEFAULT mode.
2021-06-24 17:17:24,347 INFO [main] o.s.d.r.c.RepositoryConfigurationDelegate [RepositoryConfigurationDelegate.java:201] Finished Spring Data repository scanning in 6 ms. Found 0 JPA repository interfaces.
2021-06-24 17:17:24,808 INFO [main] c.z.h.HikariDataSource [HikariDataSource.java:110] HikariPool-1 - Starting...
2021-06-24 17:17:24,995 INFO [main] c.z.h.HikariDataSource [HikariDataSource.java:123] HikariPool-1 - Start completed.
2021-06-24 17:17:25,152 INFO [main] o.h.j.i.u.LogHelper [LogHelper.java:31] HHH000204: Processing PersistenceUnitInfo [name: default]
2021-06-24 17:17:25,194 INFO [main] o.h.Version [Version.java:44] HHH000412: Hibernate ORM core version 5.4.32.Final
2021-06-24 17:17:25,306 INFO [main] o.h.a.c.Version [JavaReflectionManager.java:56] HCANN000001: Hibernate Commons Annotations {5.1.2.Final}
2021-06-24 17:17:25,520 INFO [main] o.h.d.Dialect [Dialect.java:175] HHH000400: Using dialect: org.hibernate.dialect.MySQL8Dialect
2021-06-24 17:17:25,760 INFO [main] o.h.e.t.j.p.i.JtaPlatformInitiator [JtaPlatformInitiator.java:52] HHH000490: Using JtaPlatform implementation: [org.hibernate.engine.transaction.jta.platform.internal.NoJtaPlatform]
2021-06-24 17:17:25,770 INFO [main] o.s.o.j.LocalContainerEntityManagerFactoryBean [AbstractEntityManagerFactoryBean.java:437] Initialized JPA EntityManagerFactory for persistence unit 'default'
2021-06-24 17:17:26,586 INFO [main] o.s.b.a.w.s.WelcomePageHandlerMapping [WelcomePageHandlerMapping.java:57] Adding welcome page template: index
2021-06-24 17:17:26,903 INFO [main] c.n.w.MailSendTests [StartupInfoLogger.java:61] Started MailSendTests in 3.739 seconds (JVM running for 4.802)
2021-06-24 17:17:27,449 INFO [SpringApplicationShutdownHook] o.s.o.j.LocalContainerEntityManagerFactoryBean [AbstractEntityManagerFactoryBean.java:651] Closing JPA EntityManagerFactory for persistence unit 'default'
2021-06-24 17:17:27,452 INFO [SpringApplicationShutdownHook] c.z.h.HikariDataSource [HikariDataSource.java:350] HikariPool-1 - Shutdown initiated...
2021-06-24 17:17:27,461 INFO [SpringApplicationShutdownHook] c.z.h.HikariDataSource [HikariDataSource.java:352] HikariPool-1 - Shutdown completed.
2021-06-24 17:18:33,357 INFO [main] c.n.w.MailSendTests [StartupInfoLogger.java:55] Starting MailSendTests using Java 16.0.1 on silveryshine with PID 25688 (started by 24998 in E:\求职\webcommunity)
2021-06-24 17:18:33,360 INFO [main] c.n.w.MailSendTests [SpringApplication.java:659] No active profile set, falling back to default profiles: default
2021-06-24 17:18:34,144 INFO [main] o.s.d.r.c.RepositoryConfigurationDelegate [RepositoryConfigurationDelegate.java:132] Bootstrapping Spring Data JPA repositories in DEFAULT mode.
2021-06-24 17:18:34,162 INFO [main] o.s.d.r.c.RepositoryConfigurationDelegate [RepositoryConfigurationDelegate.java:201] Finished Spring Data repository scanning in 9 ms. Found 0 JPA repository interfaces.
2021-06-24 17:18:34,651 INFO [main] c.z.h.HikariDataSource [HikariDataSource.java:110] HikariPool-1 - Starting...
2021-06-24 17:18:34,810 INFO [main] c.z.h.HikariDataSource [HikariDataSource.java:123] HikariPool-1 - Start completed.
2021-06-24 17:18:35,020 INFO [main] o.h.j.i.u.LogHelper [LogHelper.java:31] HHH000204: Processing PersistenceUnitInfo [name: default]
2021-06-24 17:18:35,078 INFO [main] o.h.Version [Version.java:44] HHH000412: Hibernate ORM core version 5.4.32.Final
2021-06-24 17:18:35,210 INFO [main] o.h.a.c.Version [JavaReflectionManager.java:56] HCANN000001: Hibernate Commons Annotations {5.1.2.Final}
2021-06-24 17:18:35,418 INFO [main] o.h.d.Dialect [Dialect.java:175] HHH000400: Using dialect: org.hibernate.dialect.MySQL8Dialect
2021-06-24 17:18:35,614 INFO [main] o.h.e.t.j.p.i.JtaPlatformInitiator [JtaPlatformInitiator.java:52] HHH000490: Using JtaPlatform implementation: [org.hibernate.engine.transaction.jta.platform.internal.NoJtaPlatform]
2021-06-24 17:18:35,626 INFO [main] o.s.o.j.LocalContainerEntityManagerFactoryBean [AbstractEntityManagerFactoryBean.java:437] Initialized JPA EntityManagerFactory for persistence unit 'default'
2021-06-24 17:18:36,469 INFO [main] o.s.b.a.w.s.WelcomePageHandlerMapping [WelcomePageHandlerMapping.java:57] Adding welcome page template: index
2021-06-24 17:18:36,793 INFO [main] c.n.w.MailSendTests [StartupInfoLogger.java:61] Started MailSendTests in 3.838 seconds (JVM running for 5.744)
2021-06-24 17:18:38,809 INFO [SpringApplicationShutdownHook] o.s.o.j.LocalContainerEntityManagerFactoryBean [AbstractEntityManagerFactoryBean.java:651] Closing JPA EntityManagerFactory for persistence unit 'default'
2021-06-24 17:18:38,810 INFO [SpringApplicationShutdownHook] c.z.h.HikariDataSource [HikariDataSource.java:350] HikariPool-1 - Shutdown initiated...
2021-06-24 17:18:38,817 INFO [SpringApplicationShutdownHook] c.z.h.HikariDataSource [HikariDataSource.java:352] HikariPool-1 - Shutdown completed.
2021-06-24 17:19:11,281 INFO [main] c.n.w.MailSendTests [StartupInfoLogger.java:55] Starting MailSendTests using Java 16.0.1 on silveryshine with PID 14196 (started by 24998 in E:\求职\webcommunity)
2021-06-24 17:19:11,285 INFO [main] c.n.w.MailSendTests [SpringApplication.java:659] No active profile set, falling back to default profiles: default
2021-06-24 17:19:11,983 INFO [main] o.s.d.r.c.RepositoryConfigurationDelegate [RepositoryConfigurationDelegate.java:132] Bootstrapping Spring Data JPA repositories in DEFAULT mode.
2021-06-24 17:19:11,998 INFO [main] o.s.d.r.c.RepositoryConfigurationDelegate [RepositoryConfigurationDelegate.java:201] Finished Spring Data repository scanning in 7 ms. Found 0 JPA repository interfaces.
2021-06-24 17:19:12,420 INFO [main] c.z.h.HikariDataSource [HikariDataSource.java:110] HikariPool-1 - Starting...
2021-06-24 17:19:12,577 INFO [main] c.z.h.HikariDataSource [HikariDataSource.java:123] HikariPool-1 - Start completed.
2021-06-24 17:19:12,728 INFO [main] o.h.j.i.u.LogHelper [LogHelper.java:31] HHH000204: Processing PersistenceUnitInfo [name: default]
2021-06-24 17:19:12,771 INFO [main] o.h.Version [Version.java:44] HHH000412: Hibernate ORM core version 5.4.32.Final
2021-06-24 17:19:12,881 INFO [main] o.h.a.c.Version [JavaReflectionManager.java:56] HCANN000001: Hibernate Commons Annotations {5.1.2.Final}
2021-06-24 17:19:13,080 INFO [main] o.h.d.Dialect [Dialect.java:175] HHH000400: Using dialect: org.hibernate.dialect.MySQL8Dialect
2021-06-24 17:19:13,279 INFO [main] o.h.e.t.j.p.i.JtaPlatformInitiator [JtaPlatformInitiator.java:52] HHH000490: Using JtaPlatform implementation: [org.hibernate.engine.transaction.jta.platform.internal.NoJtaPlatform]
2021-06-24 17:19:13,288 INFO [main] o.s.o.j.LocalContainerEntityManagerFactoryBean [AbstractEntityManagerFactoryBean.java:437] Initialized JPA EntityManagerFactory for persistence unit 'default'
2021-06-24 17:19:14,025 INFO [main] o.s.b.a.w.s.WelcomePageHandlerMapping [WelcomePageHandlerMapping.java:57] Adding welcome page template: index
2021-06-24 17:19:14,304 INFO [main] c.n.w.MailSendTests [StartupInfoLogger.java:61] Started MailSendTests in 3.477 seconds (JVM running for 4.555)
2021-06-24 17:19:16,390 INFO [SpringApplicationShutdownHook] o.s.o.j.LocalContainerEntityManagerFactoryBean [AbstractEntityManagerFactoryBean.java:651] Closing JPA EntityManagerFactory for persistence unit 'default'
2021-06-24 17:19:16,392 INFO [SpringApplicationShutdownHook] c.z.h.HikariDataSource [HikariDataSource.java:350] HikariPool-1 - Shutdown initiated...
2021-06-24 17:19:16,398 INFO [SpringApplicationShutdownHook] c.z.h.HikariDataSource [HikariDataSource.java:352] HikariPool-1 - Shutdown completed.
